<?xml version="1.0" encoding="UTF-8"?>
<testsuite xmlns:xsi="http://www.w3.org/2001/XMLSchema-instance" xsi:noNamespaceSchemaLocation="https://maven.apache.org/surefire/maven-surefire-plugin/xsd/surefire-test-report.xsd" name="LoginPageTests" time="48.683" tests="5" errors="1" skipped="0" failures="1">
  <properties>
    <property name="java.specification.version" value="19"/>
    <property name="sun.jnu.encoding" value="UTF-8"/>
    <property name="java.class.path" value="/Users/liudmyla/Desktop/Tel-ran/QA/Saucedemo/target/test-classes:/Users/liudmyla/Desktop/Tel-ran/QA/Saucedemo/target/classes:/Users/liudmyla/.m2/repository/org/seleniumhq/selenium/selenium-java/4.7.1/selenium-java-4.7.1.jar:/Users/liudmyla/.m2/repository/org/seleniumhq/selenium/selenium-api/4.7.1/selenium-api-4.7.1.jar:/Users/liudmyla/.m2/repository/org/seleniumhq/selenium/selenium-chrome-driver/4.7.1/selenium-chrome-driver-4.7.1.jar:/Users/liudmyla/.m2/repository/com/google/auto/service/auto-service-annotations/1.0.1/auto-service-annotations-1.0.1.jar:/Users/liudmyla/.m2/repository/com/google/auto/service/auto-service/1.0.1/auto-service-1.0.1.jar:/Users/liudmyla/.m2/repository/com/google/auto/auto-common/1.2/auto-common-1.2.jar:/Users/liudmyla/.m2/repository/com/google/guava/guava/31.1-jre/guava-31.1-jre.jar:/Users/liudmyla/.m2/repository/com/google/guava/failureaccess/1.0.1/failureaccess-1.0.1.jar:/Users/liudmyla/.m2/repository/com/google/guava/listenablefuture/9999.0-empty-to-avoid-conflict-with-guava/listenablefuture-9999.0-empty-to-avoid-conflict-with-guava.jar:/Users/liudmyla/.m2/repository/com/google/code/findbugs/jsr305/3.0.2/jsr305-3.0.2.jar:/Users/liudmyla/.m2/repository/org/checkerframework/checker-qual/3.12.0/checker-qual-3.12.0.jar:/Users/liudmyla/.m2/repository/com/google/errorprone/error_prone_annotations/2.11.0/error_prone_annotations-2.11.0.jar:/Users/liudmyla/.m2/repository/com/google/j2objc/j2objc-annotations/1.3/j2objc-annotations-1.3.jar:/Users/liudmyla/.m2/repository/org/seleniumhq/selenium/selenium-chromium-driver/4.7.1/selenium-chromium-driver-4.7.1.jar:/Users/liudmyla/.m2/repository/org/seleniumhq/selenium/selenium-json/4.7.1/selenium-json-4.7.1.jar:/Users/liudmyla/.m2/repository/org/seleniumhq/selenium/selenium-devtools-v106/4.7.1/selenium-devtools-v106-4.7.1.jar:/Users/liudmyla/.m2/repository/org/seleniumhq/selenium/selenium-devtools-v107/4.7.1/selenium-devtools-v107-4.7.1.jar:/Users/liudmyla/.m2/repository/org/seleniumhq/selenium/selenium-devtools-v108/4.7.1/selenium-devtools-v108-4.7.1.jar:/Users/liudmyla/.m2/repository/org/seleniumhq/selenium/selenium-devtools-v85/4.7.1/selenium-devtools-v85-4.7.1.jar:/Users/liudmyla/.m2/repository/org/seleniumhq/selenium/selenium-edge-driver/4.7.1/selenium-edge-driver-4.7.1.jar:/Users/liudmyla/.m2/repository/org/seleniumhq/selenium/selenium-firefox-driver/4.7.1/selenium-firefox-driver-4.7.1.jar:/Users/liudmyla/.m2/repository/org/seleniumhq/selenium/selenium-http/4.7.1/selenium-http-4.7.1.jar:/Users/liudmyla/.m2/repository/dev/failsafe/failsafe/3.3.0/failsafe-3.3.0.jar:/Users/liudmyla/.m2/repository/org/seleniumhq/selenium/selenium-ie-driver/4.7.1/selenium-ie-driver-4.7.1.jar:/Users/liudmyla/.m2/repository/org/seleniumhq/selenium/selenium-remote-driver/4.7.1/selenium-remote-driver-4.7.1.jar:/Users/liudmyla/.m2/repository/com/beust/jcommander/1.82/jcommander-1.82.jar:/Users/liudmyla/.m2/repository/io/netty/netty-buffer/4.1.84.Final/netty-buffer-4.1.84.Final.jar:/Users/liudmyla/.m2/repository/io/netty/netty-codec-http/4.1.84.Final/netty-codec-http-4.1.84.Final.jar:/Users/liudmyla/.m2/repository/io/netty/netty-codec/4.1.84.Final/netty-codec-4.1.84.Final.jar:/Users/liudmyla/.m2/repository/io/netty/netty-handler/4.1.84.Final/netty-handler-4.1.84.Final.jar:/Users/liudmyla/.m2/repository/io/netty/netty-common/4.1.84.Final/netty-common-4.1.84.Final.jar:/Users/liudmyla/.m2/repository/io/netty/netty-transport-classes-epoll/4.1.84.Final/netty-transport-classes-epoll-4.1.84.Final.jar:/Users/liudmyla/.m2/repository/io/netty/netty-transport-classes-kqueue/4.1.84.Final/netty-transport-classes-kqueue-4.1.84.Final.jar:/Users/liudmyla/.m2/repository/io/netty/netty-transport-native-epoll/4.1.84.Final/netty-transport-native-epoll-4.1.84.Final.jar:/Users/liudmyla/.m2/repository/io/netty/netty-transport-native-kqueue/4.1.84.Final/netty-transport-native-kqueue-4.1.84.Final.jar:/Users/liudmyla/.m2/repository/io/netty/netty-transport-native-unix-common/4.1.84.Final/netty-transport-native-unix-common-4.1.84.Final.jar:/Users/liudmyla/.m2/repository/io/netty/netty-transport/4.1.84.Final/netty-transport-4.1.84.Final.jar:/Users/liudmyla/.m2/repository/io/netty/netty-resolver/4.1.84.Final/netty-resolver-4.1.84.Final.jar:/Users/liudmyla/.m2/repository/io/opentelemetry/opentelemetry-api/1.19.0/opentelemetry-api-1.19.0.jar:/Users/liudmyla/.m2/repository/io/opentelemetry/opentelemetry-context/1.19.0/opentelemetry-context-1.19.0.jar:/Users/liudmyla/.m2/repository/io/opentelemetry/opentelemetry-exporter-logging/1.19.0/opentelemetry-exporter-logging-1.19.0.jar:/Users/liudmyla/.m2/repository/io/opentelemetry/opentelemetry-sdk-metrics/1.19.0/opentelemetry-sdk-metrics-1.19.0.jar:/Users/liudmyla/.m2/repository/io/opentelemetry/opentelemetry-sdk-logs/1.19.0-alpha/opentelemetry-sdk-logs-1.19.0-alpha.jar:/Users/liudmyla/.m2/repository/io/opentelemetry/opentelemetry-api-logs/1.19.0-alpha/opentelemetry-api-logs-1.19.0-alpha.jar:/Users/liudmyla/.m2/repository/io/opentelemetry/opentelemetry-sdk-common/1.19.0/opentelemetry-sdk-common-1.19.0.jar:/Users/liudmyla/.m2/repository/io/opentelemetry/opentelemetry-sdk-extension-autoconfigure-spi/1.19.0/opentelemetry-sdk-extension-autoconfigure-spi-1.19.0.jar:/Users/liudmyla/.m2/repository/io/opentelemetry/opentelemetry-sdk-extension-autoconfigure/1.19.0-alpha/opentelemetry-sdk-extension-autoconfigure-1.19.0-alpha.jar:/Users/liudmyla/.m2/repository/io/opentelemetry/opentelemetry-exporter-common/1.19.0/opentelemetry-exporter-common-1.19.0.jar:/Users/liudmyla/.m2/repository/io/opentelemetry/opentelemetry-sdk-trace/1.19.0/opentelemetry-sdk-trace-1.19.0.jar:/Users/liudmyla/.m2/repository/io/opentelemetry/opentelemetry-sdk/1.19.0/opentelemetry-sdk-1.19.0.jar:/Users/liudmyla/.m2/repository/io/opentelemetry/opentelemetry-semconv/1.19.0-alpha/opentelemetry-semconv-1.19.0-alpha.jar:/Users/liudmyla/.m2/repository/io/ous/jtoml/2.0.0/jtoml-2.0.0.jar:/Users/liudmyla/.m2/repository/net/bytebuddy/byte-buddy/1.12.18/byte-buddy-1.12.18.jar:/Users/liudmyla/.m2/repository/org/apache/commons/commons-exec/1.3/commons-exec-1.3.jar:/Users/liudmyla/.m2/repository/org/asynchttpclient/async-http-client/2.12.3/async-http-client-2.12.3.jar:/Users/liudmyla/.m2/repository/org/asynchttpclient/async-http-client-netty-utils/2.12.3/async-http-client-netty-utils-2.12.3.jar:/Users/liudmyla/.m2/repository/io/netty/netty-codec-socks/4.1.60.Final/netty-codec-socks-4.1.60.Final.jar:/Users/liudmyla/.m2/repository/io/netty/netty-handler-proxy/4.1.60.Final/netty-handler-proxy-4.1.60.Final.jar:/Users/liudmyla/.m2/repository/io/netty/netty-transport-native-epoll/4.1.60.Final/netty-transport-native-epoll-4.1.60.Final-linux-x86_64.jar:/Users/liudmyla/.m2/repository/io/netty/netty-transport-native-kqueue/4.1.60.Final/netty-transport-native-kqueue-4.1.60.Final-osx-x86_64.jar:/Users/liudmyla/.m2/repository/org/reactivestreams/reactive-streams/1.0.3/reactive-streams-1.0.3.jar:/Users/liudmyla/.m2/repository/com/typesafe/netty/netty-reactive-streams/2.0.4/netty-reactive-streams-2.0.4.jar:/Users/liudmyla/.m2/repository/com/sun/activation/jakarta.activation/1.2.2/jakarta.activation-1.2.2.jar:/Users/liudmyla/.m2/repository/org/seleniumhq/selenium/selenium-manager/4.7.1/selenium-manager-4.7.1.jar:/Users/liudmyla/.m2/repository/org/seleniumhq/selenium/selenium-safari-driver/4.7.1/selenium-safari-driver-4.7.1.jar:/Users/liudmyla/.m2/repository/org/seleniumhq/selenium/selenium-support/4.7.1/selenium-support-4.7.1.jar:/Users/liudmyla/.m2/repository/junit/junit/4.13.2/junit-4.13.2.jar:/Users/liudmyla/.m2/repository/org/hamcrest/hamcrest-core/1.3/hamcrest-core-1.3.jar:/Users/liudmyla/.m2/repository/org/projectlombok/lombok/1.18.24/lombok-1.18.24.jar:/Users/liudmyla/.m2/repository/io/qameta/allure/allure-junit4/2.20.1/allure-junit4-2.20.1.jar:/Users/liudmyla/.m2/repository/io/qameta/allure/allure-java-commons/2.20.1/allure-java-commons-2.20.1.jar:/Users/liudmyla/.m2/repository/org/slf4j/slf4j-api/1.7.36/slf4j-api-1.7.36.jar:/Users/liudmyla/.m2/repository/io/qameta/allure/allure-model/2.20.1/allure-model-2.20.1.jar:"/>
    <property name="java.vm.vendor" value="Homebrew"/>
    <property name="sun.arch.data.model" value="64"/>
    <property name="java.vendor.url" value="https://github.com/Homebrew/homebrew-core/issues"/>
    <property name="os.name" value="Mac OS X"/>
    <property name="java.vm.specification.version" value="19"/>
    <property name="sun.java.launcher" value="SUN_STANDARD"/>
    <property name="user.country" value="DE"/>
    <property name="sun.boot.library.path" value="/opt/homebrew/Cellar/openjdk/19.0.2/libexec/openjdk.jdk/Contents/Home/lib"/>
    <property name="sun.java.command" value="/Users/liudmyla/Desktop/Tel-ran/QA/Saucedemo/target/surefire/surefirebooter70613707045010535.jar /Users/liudmyla/Desktop/Tel-ran/QA/Saucedemo/target/surefire 2023-02-07T19-49-27_321-jvmRun1 surefire14220080891557882837tmp surefire_08138409281174949010tmp"/>
    <property name="http.nonProxyHosts" value="local|*.local|169.254/16|*.169.254/16"/>
    <property name="jdk.debug" value="release"/>
    <property name="surefire.test.class.path" value="/Users/liudmyla/Desktop/Tel-ran/QA/Saucedemo/target/test-classes:/Users/liudmyla/Desktop/Tel-ran/QA/Saucedemo/target/classes:/Users/liudmyla/.m2/repository/org/seleniumhq/selenium/selenium-java/4.7.1/selenium-java-4.7.1.jar:/Users/liudmyla/.m2/repository/org/seleniumhq/selenium/selenium-api/4.7.1/selenium-api-4.7.1.jar:/Users/liudmyla/.m2/repository/org/seleniumhq/selenium/selenium-chrome-driver/4.7.1/selenium-chrome-driver-4.7.1.jar:/Users/liudmyla/.m2/repository/com/google/auto/service/auto-service-annotations/1.0.1/auto-service-annotations-1.0.1.jar:/Users/liudmyla/.m2/repository/com/google/auto/service/auto-service/1.0.1/auto-service-1.0.1.jar:/Users/liudmyla/.m2/repository/com/google/auto/auto-common/1.2/auto-common-1.2.jar:/Users/liudmyla/.m2/repository/com/google/guava/guava/31.1-jre/guava-31.1-jre.jar:/Users/liudmyla/.m2/repository/com/google/guava/failureaccess/1.0.1/failureaccess-1.0.1.jar:/Users/liudmyla/.m2/repository/com/google/guava/listenablefuture/9999.0-empty-to-avoid-conflict-with-guava/listenablefuture-9999.0-empty-to-avoid-conflict-with-guava.jar:/Users/liudmyla/.m2/repository/com/google/code/findbugs/jsr305/3.0.2/jsr305-3.0.2.jar:/Users/liudmyla/.m2/repository/org/checkerframework/checker-qual/3.12.0/checker-qual-3.12.0.jar:/Users/liudmyla/.m2/repository/com/google/errorprone/error_prone_annotations/2.11.0/error_prone_annotations-2.11.0.jar:/Users/liudmyla/.m2/repository/com/google/j2objc/j2objc-annotations/1.3/j2objc-annotations-1.3.jar:/Users/liudmyla/.m2/repository/org/seleniumhq/selenium/selenium-chromium-driver/4.7.1/selenium-chromium-driver-4.7.1.jar:/Users/liudmyla/.m2/repository/org/seleniumhq/selenium/selenium-json/4.7.1/selenium-json-4.7.1.jar:/Users/liudmyla/.m2/repository/org/seleniumhq/selenium/selenium-devtools-v106/4.7.1/selenium-devtools-v106-4.7.1.jar:/Users/liudmyla/.m2/repository/org/seleniumhq/selenium/selenium-devtools-v107/4.7.1/selenium-devtools-v107-4.7.1.jar:/Users/liudmyla/.m2/repository/org/seleniumhq/selenium/selenium-devtools-v108/4.7.1/selenium-devtools-v108-4.7.1.jar:/Users/liudmyla/.m2/repository/org/seleniumhq/selenium/selenium-devtools-v85/4.7.1/selenium-devtools-v85-4.7.1.jar:/Users/liudmyla/.m2/repository/org/seleniumhq/selenium/selenium-edge-driver/4.7.1/selenium-edge-driver-4.7.1.jar:/Users/liudmyla/.m2/repository/org/seleniumhq/selenium/selenium-firefox-driver/4.7.1/selenium-firefox-driver-4.7.1.jar:/Users/liudmyla/.m2/repository/org/seleniumhq/selenium/selenium-http/4.7.1/selenium-http-4.7.1.jar:/Users/liudmyla/.m2/repository/dev/failsafe/failsafe/3.3.0/failsafe-3.3.0.jar:/Users/liudmyla/.m2/repository/org/seleniumhq/selenium/selenium-ie-driver/4.7.1/selenium-ie-driver-4.7.1.jar:/Users/liudmyla/.m2/repository/org/seleniumhq/selenium/selenium-remote-driver/4.7.1/selenium-remote-driver-4.7.1.jar:/Users/liudmyla/.m2/repository/com/beust/jcommander/1.82/jcommander-1.82.jar:/Users/liudmyla/.m2/repository/io/netty/netty-buffer/4.1.84.Final/netty-buffer-4.1.84.Final.jar:/Users/liudmyla/.m2/repository/io/netty/netty-codec-http/4.1.84.Final/netty-codec-http-4.1.84.Final.jar:/Users/liudmyla/.m2/repository/io/netty/netty-codec/4.1.84.Final/netty-codec-4.1.84.Final.jar:/Users/liudmyla/.m2/repository/io/netty/netty-handler/4.1.84.Final/netty-handler-4.1.84.Final.jar:/Users/liudmyla/.m2/repository/io/netty/netty-common/4.1.84.Final/netty-common-4.1.84.Final.jar:/Users/liudmyla/.m2/repository/io/netty/netty-transport-classes-epoll/4.1.84.Final/netty-transport-classes-epoll-4.1.84.Final.jar:/Users/liudmyla/.m2/repository/io/netty/netty-transport-classes-kqueue/4.1.84.Final/netty-transport-classes-kqueue-4.1.84.Final.jar:/Users/liudmyla/.m2/repository/io/netty/netty-transport-native-epoll/4.1.84.Final/netty-transport-native-epoll-4.1.84.Final.jar:/Users/liudmyla/.m2/repository/io/netty/netty-transport-native-kqueue/4.1.84.Final/netty-transport-native-kqueue-4.1.84.Final.jar:/Users/liudmyla/.m2/repository/io/netty/netty-transport-native-unix-common/4.1.84.Final/netty-transport-native-unix-common-4.1.84.Final.jar:/Users/liudmyla/.m2/repository/io/netty/netty-transport/4.1.84.Final/netty-transport-4.1.84.Final.jar:/Users/liudmyla/.m2/repository/io/netty/netty-resolver/4.1.84.Final/netty-resolver-4.1.84.Final.jar:/Users/liudmyla/.m2/repository/io/opentelemetry/opentelemetry-api/1.19.0/opentelemetry-api-1.19.0.jar:/Users/liudmyla/.m2/repository/io/opentelemetry/opentelemetry-context/1.19.0/opentelemetry-context-1.19.0.jar:/Users/liudmyla/.m2/repository/io/opentelemetry/opentelemetry-exporter-logging/1.19.0/opentelemetry-exporter-logging-1.19.0.jar:/Users/liudmyla/.m2/repository/io/opentelemetry/opentelemetry-sdk-metrics/1.19.0/opentelemetry-sdk-metrics-1.19.0.jar:/Users/liudmyla/.m2/repository/io/opentelemetry/opentelemetry-sdk-logs/1.19.0-alpha/opentelemetry-sdk-logs-1.19.0-alpha.jar:/Users/liudmyla/.m2/repository/io/opentelemetry/opentelemetry-api-logs/1.19.0-alpha/opentelemetry-api-logs-1.19.0-alpha.jar:/Users/liudmyla/.m2/repository/io/opentelemetry/opentelemetry-sdk-common/1.19.0/opentelemetry-sdk-common-1.19.0.jar:/Users/liudmyla/.m2/repository/io/opentelemetry/opentelemetry-sdk-extension-autoconfigure-spi/1.19.0/opentelemetry-sdk-extension-autoconfigure-spi-1.19.0.jar:/Users/liudmyla/.m2/repository/io/opentelemetry/opentelemetry-sdk-extension-autoconfigure/1.19.0-alpha/opentelemetry-sdk-extension-autoconfigure-1.19.0-alpha.jar:/Users/liudmyla/.m2/repository/io/opentelemetry/opentelemetry-exporter-common/1.19.0/opentelemetry-exporter-common-1.19.0.jar:/Users/liudmyla/.m2/repository/io/opentelemetry/opentelemetry-sdk-trace/1.19.0/opentelemetry-sdk-trace-1.19.0.jar:/Users/liudmyla/.m2/repository/io/opentelemetry/opentelemetry-sdk/1.19.0/opentelemetry-sdk-1.19.0.jar:/Users/liudmyla/.m2/repository/io/opentelemetry/opentelemetry-semconv/1.19.0-alpha/opentelemetry-semconv-1.19.0-alpha.jar:/Users/liudmyla/.m2/repository/io/ous/jtoml/2.0.0/jtoml-2.0.0.jar:/Users/liudmyla/.m2/repository/net/bytebuddy/byte-buddy/1.12.18/byte-buddy-1.12.18.jar:/Users/liudmyla/.m2/repository/org/apache/commons/commons-exec/1.3/commons-exec-1.3.jar:/Users/liudmyla/.m2/repository/org/asynchttpclient/async-http-client/2.12.3/async-http-client-2.12.3.jar:/Users/liudmyla/.m2/repository/org/asynchttpclient/async-http-client-netty-utils/2.12.3/async-http-client-netty-utils-2.12.3.jar:/Users/liudmyla/.m2/repository/io/netty/netty-codec-socks/4.1.60.Final/netty-codec-socks-4.1.60.Final.jar:/Users/liudmyla/.m2/repository/io/netty/netty-handler-proxy/4.1.60.Final/netty-handler-proxy-4.1.60.Final.jar:/Users/liudmyla/.m2/repository/io/netty/netty-transport-native-epoll/4.1.60.Final/netty-transport-native-epoll-4.1.60.Final-linux-x86_64.jar:/Users/liudmyla/.m2/repository/io/netty/netty-transport-native-kqueue/4.1.60.Final/netty-transport-native-kqueue-4.1.60.Final-osx-x86_64.jar:/Users/liudmyla/.m2/repository/org/reactivestreams/reactive-streams/1.0.3/reactive-streams-1.0.3.jar:/Users/liudmyla/.m2/repository/com/typesafe/netty/netty-reactive-streams/2.0.4/netty-reactive-streams-2.0.4.jar:/Users/liudmyla/.m2/repository/com/sun/activation/jakarta.activation/1.2.2/jakarta.activation-1.2.2.jar:/Users/liudmyla/.m2/repository/org/seleniumhq/selenium/selenium-manager/4.7.1/selenium-manager-4.7.1.jar:/Users/liudmyla/.m2/repository/org/seleniumhq/selenium/selenium-safari-driver/4.7.1/selenium-safari-driver-4.7.1.jar:/Users/liudmyla/.m2/repository/org/seleniumhq/selenium/selenium-support/4.7.1/selenium-support-4.7.1.jar:/Users/liudmyla/.m2/repository/junit/junit/4.13.2/junit-4.13.2.jar:/Users/liudmyla/.m2/repository/org/hamcrest/hamcrest-core/1.3/hamcrest-core-1.3.jar:/Users/liudmyla/.m2/repository/org/projectlombok/lombok/1.18.24/lombok-1.18.24.jar:/Users/liudmyla/.m2/repository/io/qameta/allure/allure-junit4/2.20.1/allure-junit4-2.20.1.jar:/Users/liudmyla/.m2/repository/io/qameta/allure/allure-java-commons/2.20.1/allure-java-commons-2.20.1.jar:/Users/liudmyla/.m2/repository/org/slf4j/slf4j-api/1.7.36/slf4j-api-1.7.36.jar:/Users/liudmyla/.m2/repository/io/qameta/allure/allure-model/2.20.1/allure-model-2.20.1.jar:"/>
    <property name="sun.cpu.endian" value="little"/>
    <property name="user.home" value="/Users/liudmyla"/>
    <property name="user.language" value="ru"/>
    <property name="java.specification.vendor" value="Oracle Corporation"/>
    <property name="java.version.date" value="2023-01-17"/>
    <property name="java.home" value="/opt/homebrew/Cellar/openjdk/19.0.2/libexec/openjdk.jdk/Contents/Home"/>
    <property name="file.separator" value="/"/>
    <property name="basedir" value="/Users/liudmyla/Desktop/Tel-ran/QA/Saucedemo"/>
    <property name="java.vm.compressedOopsMode" value="Zero based"/>
    <property name="line.separator" value="&#10;"/>
    <property name="java.vm.specification.vendor" value="Oracle Corporation"/>
    <property name="java.specification.name" value="Java Platform API Specification"/>
    <property name="apple.awt.application.name" value="ForkedBooter"/>
    <property name="surefire.real.class.path" value="/Users/liudmyla/Desktop/Tel-ran/QA/Saucedemo/target/surefire/surefirebooter70613707045010535.jar"/>
    <property name="sun.management.compiler" value="HotSpot 64-Bit Tiered Compilers"/>
    <property name="ftp.nonProxyHosts" value="local|*.local|169.254/16|*.169.254/16"/>
    <property name="java.runtime.version" value="19.0.2"/>
    <property name="user.name" value="liudmyla"/>
    <property name="stdout.encoding" value="UTF-8"/>
    <property name="path.separator" value=":"/>
    <property name="os.version" value="13.2"/>
    <property name="java.runtime.name" value="OpenJDK Runtime Environment"/>
    <property name="file.encoding" value="UTF-8"/>
    <property name="java.vm.name" value="OpenJDK 64-Bit Server VM"/>
    <property name="java.vendor.version" value="Homebrew"/>
    <property name="localRepository" value="/Users/liudmyla/.m2/repository"/>
    <property name="java.vendor.url.bug" value="https://github.com/Homebrew/homebrew-core/issues"/>
    <property name="java.io.tmpdir" value="/var/folders/49/8n7p0lfj2gx5ybhvd7xr04840000gn/T/"/>
    <property name="java.version" value="19.0.2"/>
    <property name="user.dir" value="/Users/liudmyla/Desktop/Tel-ran/QA/Saucedemo"/>
    <property name="os.arch" value="aarch64"/>
    <property name="java.vm.specification.name" value="Java Virtual Machine Specification"/>
    <property name="native.encoding" value="UTF-8"/>
    <property name="java.library.path" value="/Users/liudmyla/Library/Java/Extensions:/Library/Java/Extensions:/Network/Library/Java/Extensions:/System/Library/Java/Extensions:/usr/lib/java:."/>
    <property name="java.vm.info" value="mixed mode, sharing"/>
    <property name="stderr.encoding" value="UTF-8"/>
    <property name="java.vendor" value="Homebrew"/>
    <property name="java.vm.version" value="19.0.2"/>
    <property name="sun.io.unicode.encoding" value="UnicodeBig"/>
    <property name="socksNonProxyHosts" value="local|*.local|169.254/16|*.169.254/16"/>
    <property name="java.class.version" value="63.0"/>
  </properties>
  <testcase name="loginLockedOutUser" classname="LoginPageTests" time="15.501">
    <failure type="java.lang.AssertionError">java.lang.AssertionError
	at LoginPageTests.loginLockedOutUser(LoginPageTests.java:29)
</failure>
    <system-err><![CDATA[SLF4J: Failed to load class "org.slf4j.impl.StaticLoggerBinder".
SLF4J: Defaulting to no-operation (NOP) logger implementation
SLF4J: See http://www.slf4j.org/codes.html#StaticLoggerBinder for further details.
Starting ChromeDriver 108.0.5359.71 (1e0e3868ee06e91ad636a874420e3ca3ae3756ac-refs/branch-heads/5359@{#1016}) on port 46176
Only local connections are allowed.
Please see https://chromedriver.chromium.org/security-considerations for suggestions on keeping ChromeDriver safe.
ChromeDriver was started successfully.
[1675795775.962][WARNING]: This version of ChromeDriver has not been tested with Chrome version 109.
февр. 07, 2023 7:49:36 PM org.openqa.selenium.devtools.CdpVersionFinder findNearestMatch
WARNING: Unable to find an exact match for CDP version 109, so returning the closest version found: 108
]]></system-err>
  </testcase>
  <testcase name="loginLockedOutUser" classname="LoginPageTests" time="15.501">
    <error message="Session ID is null. Using WebDriver after calling quit()?&#10;Build info: version: &apos;4.7.1&apos;, revision: &apos;c6795baf1a3&apos;&#10;System info: os.name: &apos;Mac OS X&apos;, os.arch: &apos;aarch64&apos;, os.version: &apos;13.2&apos;, java.version: &apos;19.0.2&apos;&#10;Driver info: org.openqa.selenium.chrome.ChromeDriver&#10;Command: [null, screenshot {}]&#10;Capabilities {acceptInsecureCerts: false, browserName: chrome, browserVersion: 109.0.5414.119, chrome: {chromedriverVersion: 108.0.5359.71 (1e0e3868ee06..., userDataDir: /var/folders/49/8n7p0lfj2gx...}, goog:chromeOptions: {debuggerAddress: localhost:53554}, networkConnectionEnabled: false, pageLoadStrategy: normal, platformName: MAC, proxy: Proxy(), se:cdp: ws://localhost:53554/devtoo..., se:cdpVersion: 109.0.5414.119, setWindowRect: true, strictFileInteractability: false, timeouts: {implicit: 0, pageLoad: 300000, script: 30000}, unhandledPromptBehavior: dismiss and notify, webauthn:extension:credBlob: true, webauthn:extension:largeBlob: true, webauthn:virtualAuthenticators: true}" type="org.openqa.selenium.NoSuchSessionException">org.openqa.selenium.NoSuchSessionException: 
Session ID is null. Using WebDriver after calling quit()?
Build info: version: '4.7.1', revision: 'c6795baf1a3'
System info: os.name: 'Mac OS X', os.arch: 'aarch64', os.version: '13.2', java.version: '19.0.2'
Driver info: org.openqa.selenium.chrome.ChromeDriver
Command: [null, screenshot {}]
Capabilities {acceptInsecureCerts: false, browserName: chrome, browserVersion: 109.0.5414.119, chrome: {chromedriverVersion: 108.0.5359.71 (1e0e3868ee06..., userDataDir: /var/folders/49/8n7p0lfj2gx...}, goog:chromeOptions: {debuggerAddress: localhost:53554}, networkConnectionEnabled: false, pageLoadStrategy: normal, platformName: MAC, proxy: Proxy(), se:cdp: ws://localhost:53554/devtoo..., se:cdpVersion: 109.0.5414.119, setWindowRect: true, strictFileInteractability: false, timeouts: {implicit: 0, pageLoad: 300000, script: 30000}, unhandledPromptBehavior: dismiss and notify, webauthn:extension:credBlob: true, webauthn:extension:largeBlob: true, webauthn:virtualAuthenticators: true}
</error>
  </testcase>
  <testcase name="loginWithValidData" classname="LoginPageTests" time="11.153"/>
  <testcase name="allLoginPageElenetsAreDisplayed" classname="LoginPageTests" time="11.373"/>
  <testcase name="loginInvalid" classname="LoginPageTests" time="10.536"/>
</testsuite>